Arguments: 
  /usr/local/bin/node /usr/local/bin/yarn add react-scripts

PATH: 
  /Users/new/.rbenv/shims:/Users/new/.rbenv/bin:/Users/new/.rbenv/shims:/Users/new/.rbenv/shims:/Users/new/.rbenv/bin:/Users/new/.dotnet/tools:/Users/new/.rbenv/bin:/usr/local/opt/ruby/bin:/usr/local/bin:/System/Cryptexes/App/usr/bin:/usr/bin:/bin:/usr/sbin:/sbin:/Library/Apple/usr/bin:/Users/new/.rbenv/shims:/Users/new/.rbenv/bin:/Users/new/.dotnet/tools:/usr/local/opt/ruby/bin:/Users/new/.rbenv/versions/2.7.5/bin:/Users/new/Library/Android/sdk/emulator:/Users/new/Library/Android/sdk/tools:/Users/new/Library/Android/sdk/tools/bin:/Users/new/Library/Android/sdk/platform-tools:/Users/new/.pub-cache/bin:/Users/abdurahmonziyodov/fluttersdk/flutter/bin:/Users/new/.rbenv/versions/2.7.5/bin:/Users/new/Library/Android/sdk/emulator:/Users/new/Library/Android/sdk/tools:/Users/new/Library/Android/sdk/tools/bin:/Users/new/Library/Android/sdk/platform-tools:/Users/new/.pub-cache/bin:/Users/abdurahmonziyodov/fluttersdk/flutter/bin

Yarn version: 
  1.22.19

Node version: 
  16.16.0

Platform: 
  darwin x64

Trace: 
  Error: getaddrinfo ENOTFOUND registry.yarnpkg.com
      at GetAddrInfoReqWrap.onlookup [as oncomplete] (node:dns:71:26)

npm manifest: 
  {
    "name": "itutor",
    "version": "0.1.0",
    "private": true,
    "dependencies": {
      "@testing-library/jest-dom": "^5.16.5",
      "@testing-library/react": "^13.4.0",
      "@testing-library/user-event": "^13.5.0",
      "axios": "^1.3.5",
      "react": "^18.2.0",
      "react-dom": "^18.2.0",
      "react-icons": "^4.7.1",
      "react-multi-carousel": "^2.8.2",
      "react-router-dom": "^6.8.1",
      "react-scripts": "5.0.1",
      "web-vitals": "^2.1.4"
    },
    "scripts": {
      "start": "react-scripts start",
      "build": "react-scripts build",
      "test": "react-scripts test",
      "eject": "react-scripts eject"
    },
    "eslintConfig": {
      "extends": [
        "react-app",
        "react-app/jest"
      ]
    },
    "browserslist": {
      "production": [
        ">0.2%",
        "not dead",
        "not op_mini all"
      ],
      "development": [
        "last 1 chrome version",
        "last 1 firefox version",
        "last 1 safari version"
      ]
    }
  }

yarn manifest: 
  No manifest

Lockfile: 
  No lockfile
